Analysis & Synthesis report for HelloWorld
Sun Feb 08 20:07:59 2015
Quartus II 64-Bit Version 12.1 Build 243 01/31/2013 Service Pack 1.33 SJ Full Version


---------------------
; Table of Contents ;
---------------------
  1. Legal Notice
  2. Analysis & Synthesis Summary
  3. Analysis & Synthesis Settings
  4. Parallel Compilation
  5. Analysis & Synthesis Messages



----------------
; Legal Notice ;
----------------
Copyright (C) 1991-2012 Altera Corporation
Your use of Altera Corporation's design tools, logic functions 
and other software and tools, and its AMPP partner logic 
functions, and any output files from any of the foregoing 
(including device programming or simulation files), and any 
associated documentation or information are expressly subject 
to the terms and conditions of the Altera Program License 
Subscription Agreement, Altera MegaCore Function License 
Agreement, or other applicable license agreement, including, 
without limitation, that your use is for the sole purpose of 
programming logic devices manufactured by Altera and sold by 
Altera or its authorized distributors.  Please refer to the 
applicable agreement for further details.



+----------------------------------------------------------------------------------------+
; Analysis & Synthesis Summary                                                           ;
+------------------------------------+---------------------------------------------------+
; Analysis & Synthesis Status        ; Failed - Sun Feb 08 20:07:59 2015                 ;
; Quartus II 64-Bit Version          ; 12.1 Build 243 01/31/2013 SP 1.33 SJ Full Version ;
; Revision Name                      ; HelloWorld                                        ;
; Top-level Entity Name              ; HelloWorld                                        ;
; Family                             ; Cyclone II                                        ;
; Total logic elements               ; N/A until Partition Merge                         ;
;     Total combinational functions  ; N/A until Partition Merge                         ;
;     Dedicated logic registers      ; N/A until Partition Merge                         ;
; Total registers                    ; N/A until Partition Merge                         ;
; Total pins                         ; N/A until Partition Merge                         ;
; Total virtual pins                 ; N/A until Partition Merge                         ;
; Total memory bits                  ; N/A until Partition Merge                         ;
; Embedded Multiplier 9-bit elements ; N/A until Partition Merge                         ;
; Total PLLs                         ; N/A until Partition Merge                         ;
+------------------------------------+---------------------------------------------------+


+----------------------------------------------------------------------------------------------------------------------+
; Analysis & Synthesis Settings                                                                                        ;
+----------------------------------------------------------------------------+--------------------+--------------------+
; Option                                                                     ; Setting            ; Default Value      ;
+----------------------------------------------------------------------------+--------------------+--------------------+
; Device                                                                     ; EP2C35F672C6       ;                    ;
; Top-level entity name                                                      ; HelloWorld         ; HelloWorld         ;
; Family name                                                                ; Cyclone II         ; Cyclone IV GX      ;
; Use smart compilation                                                      ; Off                ; Off                ;
; Enable parallel Assembler and TimeQuest Timing Analyzer during compilation ; On                 ; On                 ;
; Enable compact report table                                                ; Off                ; Off                ;
; Restructure Multiplexers                                                   ; Auto               ; Auto               ;
; Create Debugging Nodes for IP Cores                                        ; Off                ; Off                ;
; Preserve fewer node names                                                  ; On                 ; On                 ;
; Disable OpenCore Plus hardware evaluation                                  ; Off                ; Off                ;
; Verilog Version                                                            ; Verilog_2001       ; Verilog_2001       ;
; VHDL Version                                                               ; VHDL_1993          ; VHDL_1993          ;
; State Machine Processing                                                   ; Auto               ; Auto               ;
; Safe State Machine                                                         ; Off                ; Off                ;
; Extract Verilog State Machines                                             ; On                 ; On                 ;
; Extract VHDL State Machines                                                ; On                 ; On                 ;
; Ignore Verilog initial constructs                                          ; Off                ; Off                ;
; Iteration limit for constant Verilog loops                                 ; 5000               ; 5000               ;
; Iteration limit for non-constant Verilog loops                             ; 250                ; 250                ;
; Add Pass-Through Logic to Inferred RAMs                                    ; On                 ; On                 ;
; Infer RAMs from Raw Logic                                                  ; On                 ; On                 ;
; Parallel Synthesis                                                         ; On                 ; On                 ;
; DSP Block Balancing                                                        ; Auto               ; Auto               ;
; NOT Gate Push-Back                                                         ; On                 ; On                 ;
; Power-Up Don't Care                                                        ; On                 ; On                 ;
; Remove Redundant Logic Cells                                               ; Off                ; Off                ;
; Remove Duplicate Registers                                                 ; On                 ; On                 ;
; Ignore CARRY Buffers                                                       ; Off                ; Off                ;
; Ignore CASCADE Buffers                                                     ; Off                ; Off                ;
; Ignore GLOBAL Buffers                                                      ; Off                ; Off                ;
; Ignore ROW GLOBAL Buffers                                                  ; Off                ; Off                ;
; Ignore LCELL Buffers                                                       ; Off                ; Off                ;
; Ignore SOFT Buffers                                                        ; On                 ; On                 ;
; Limit AHDL Integers to 32 Bits                                             ; Off                ; Off                ;
; Optimization Technique                                                     ; Balanced           ; Balanced           ;
; Carry Chain Length                                                         ; 70                 ; 70                 ;
; Auto Carry Chains                                                          ; On                 ; On                 ;
; Auto Open-Drain Pins                                                       ; On                 ; On                 ;
; Perform WYSIWYG Primitive Resynthesis                                      ; Off                ; Off                ;
; Auto ROM Replacement                                                       ; On                 ; On                 ;
; Auto RAM Replacement                                                       ; On                 ; On                 ;
; Auto Shift Register Replacement                                            ; Auto               ; Auto               ;
; Allow Shift Register Merging across Hierarchies                            ; Auto               ; Auto               ;
; Auto Clock Enable Replacement                                              ; On                 ; On                 ;
; Strict RAM Replacement                                                     ; Off                ; Off                ;
; Allow Synchronous Control Signals                                          ; On                 ; On                 ;
; Force Use of Synchronous Clear Signals                                     ; Off                ; Off                ;
; Auto RAM to Logic Cell Conversion                                          ; Off                ; Off                ;
; Auto Resource Sharing                                                      ; Off                ; Off                ;
; Allow Any RAM Size For Recognition                                         ; Off                ; Off                ;
; Allow Any ROM Size For Recognition                                         ; Off                ; Off                ;
; Allow Any Shift Register Size For Recognition                              ; Off                ; Off                ;
; Use LogicLock Constraints during Resource Balancing                        ; On                 ; On                 ;
; Ignore translate_off and synthesis_off directives                          ; Off                ; Off                ;
; Timing-Driven Synthesis                                                    ; Off                ; Off                ;
; Report Parameter Settings                                                  ; On                 ; On                 ;
; Report Source Assignments                                                  ; On                 ; On                 ;
; Report Connectivity Checks                                                 ; On                 ; On                 ;
; Ignore Maximum Fan-Out Assignments                                         ; Off                ; Off                ;
; Synchronization Register Chain Length                                      ; 2                  ; 2                  ;
; PowerPlay Power Optimization                                               ; Normal compilation ; Normal compilation ;
; HDL message level                                                          ; Level2             ; Level2             ;
; Suppress Register Optimization Related Messages                            ; Off                ; Off                ;
; Number of Removed Registers Reported in Synthesis Report                   ; 5000               ; 5000               ;
; Number of Swept Nodes Reported in Synthesis Report                         ; 5000               ; 5000               ;
; Number of Inverted Registers Reported in Synthesis Report                  ; 100                ; 100                ;
; Clock MUX Protection                                                       ; On                 ; On                 ;
; Auto Gated Clock Conversion                                                ; Off                ; Off                ;
; Block Design Naming                                                        ; Auto               ; Auto               ;
; SDC constraint protection                                                  ; Off                ; Off                ;
; Synthesis Effort                                                           ; Auto               ; Auto               ;
; Shift Register Replacement - Allow Asynchronous Clear Signal               ; On                 ; On                 ;
; Pre-Mapping Resynthesis Optimization                                       ; Off                ; Off                ;
; Analysis & Synthesis Message Level                                         ; Medium             ; Medium             ;
; Disable Register Merging Across Hierarchies                                ; Auto               ; Auto               ;
; Resource Aware Inference For Block RAM                                     ; On                 ; On                 ;
; Synthesis Seed                                                             ; 1                  ; 1                  ;
+----------------------------------------------------------------------------+--------------------+--------------------+


+------------------------------------------+
; Parallel Compilation                     ;
+----------------------------+-------------+
; Processors                 ; Number      ;
+----------------------------+-------------+
; Number detected on machine ; 8           ;
; Maximum allowed            ; 4           ;
;                            ;             ;
; Average used               ; 1.00        ;
; Maximum used               ; 1           ;
;                            ;             ;
; Usage by Processor         ; % Time Used ;
;     1 processor            ; 100.0%      ;
;     2-8 processors         ;   0.0%      ;
+----------------------------+-------------+


+-------------------------------+
; Analysis & Synthesis Messages ;
+-------------------------------+
Info: *******************************************************************
Info: Running Quartus II 64-Bit Analysis & Synthesis
    Info: Version 12.1 Build 243 01/31/2013 Service Pack 1.33 SJ Full Version
    Info: Processing started: Sun Feb 08 20:07:53 2015
Info: Command: quartus_map --read_settings_files=on --write_settings_files=off HelloWorld -c HelloWorld
Info (11104): Parallel Compilation has detected 8 hyper-threaded processors. However, the extra hyper-threaded processors will not be used by default. Parallel Compilation will use 4 of the 4 physical processors detected instead.
Info (12248): Elaborating Qsys system entity "helloworld.qsys"
Info (12250): 2015.02.08.20:07:56 Progress: Loading HelloWorld/helloworld.qsys
Info (12250): 2015.02.08.20:07:57 Progress: Reading input file
Info (12250): 2015.02.08.20:07:57 Progress: Adding clk_0 [clock_source 12.1]
Info (12250): 2015.02.08.20:07:57 Progress: Parameterizing module clk_0
Info (12250): 2015.02.08.20:07:57 Progress: Adding my_sev_seg_0 [my_sev_seg 1.0]
Info (12250): 2015.02.08.20:07:57 Progress: Parameterizing module my_sev_seg_0
Info (12250): 2015.02.08.20:07:57 Progress: Building connections
Info (12250): 2015.02.08.20:07:57 Progress: Parameterizing connections
Info (12250): 2015.02.08.20:07:57 Progress: Validating
Info (12250): 2015.02.08.20:07:57 Progress: Done reading input file
Info (12250): Helloworld: Generating helloworld "helloworld" for QUARTUS_SYNTH
Info (12250): Pipeline_bridge_swap_transform: After transform: 2 modules, 2 connections
Info (12250): No custom instruction connections, skipping transform 
Info (12250): No Avalon connections, skipping transform 
Info (12250): No Avalon connections, skipping transform 
Info (12250): Reset_adaptation_transform: After transform: 3 modules, 4 connections
Info (12250): My_sev_seg_0: "helloworld" instantiated my_sev_seg "my_sev_seg_0"
Info (12250): Rst_controller: "helloworld" instantiated altera_reset_controller "rst_controller"
Info (12250): Helloworld: Done helloworld" with 3 modules, 6 files, 14647 bytes
Info (12249): Finished elaborating Qsys system entity "helloworld.qsys"
Info (12021): Found 2 design units, including 1 entities, in source file my_sev_seg.vhd
    Info (12022): Found design unit 1: my_sev_seg-avalon
    Info (12023): Found entity 1: my_sev_seg
Info (12021): Found 1 design units, including 0 entities, in source file de2_constants.vhd
    Info (12022): Found design unit 1: DE2_CONSTANTS
Info (12021): Found 2 design units, including 1 entities, in source file /users/qsjiang/desktop/helloworld.vhd
    Info (12022): Found design unit 1: helloworld-structure
    Info (12023): Found entity 1: helloworld
Info (12021): Found 1 design units, including 1 entities, in source file db/ip/helloworld/helloworld.v
    Info (12023): Found entity 1: helloworld
Info (12021): Found 1 design units, including 0 entities, in source file db/ip/helloworld/submodules/de2_constants.vhd
    Info (12022): Found design unit 1: DE2_CONSTANTS (altera_reserved_qsys_helloworld)
Info (12021): Found 1 design units, including 1 entities, in source file db/ip/helloworld/submodules/altera_reset_controller.v
    Info (12023): Found entity 1: altera_reset_controller
Info (12021): Found 1 design units, including 1 entities, in source file db/ip/helloworld/submodules/altera_reset_synchronizer.v
    Info (12023): Found entity 1: altera_reset_synchronizer
Info (12021): Found 2 design units, including 1 entities, in source file db/ip/helloworld/submodules/my_sev_seg.vhd
    Info (12022): Found design unit 1: my_sev_seg-avalon
    Info (12023): Found entity 1: my_sev_seg
Info (12127): Elaborating entity "HelloWorld" for the top level hierarchy
Error (12006): Node instance "u0" instantiates undefined entity "niosII_system" File: C:/Users/qsjiang/Desktop/helloworld.vhd Line: 49
Error: Quartus II 64-Bit Analysis & Synthesis was unsuccessful. 1 error, 0 warnings
    Error: Peak virtual memory: 490 megabytes
    Error: Processing ended: Sun Feb 08 20:07:59 2015
    Error: Elapsed time: 00:00:06
    Error: Total CPU time (on all processors): 00:00:05


