Archive Project report for seven_segment
Tue Jan 14 14:54:44 2014
Quartus II 64-Bit Version 12.1 Build 243 01/31/2013 Service Pack 1.33 SJ Full Version


---------------------
; Table of Contents ;
---------------------
  1. Legal Notice
  2. Archive Project Summary
  3. Archive Project Messages
  4. Files Archived



----------------
; Legal Notice ;
----------------
Copyright (C) 1991-2012 Altera Corporation
Your use of Altera Corporation's design tools, logic functions 
and other software and tools, and its AMPP partner logic 
functions, and any output files from any of the foregoing 
(including device programming or simulation files), and any 
associated documentation or information are expressly subject 
to the terms and conditions of the Altera Program License 
Subscription Agreement, Altera MegaCore Function License 
Agreement, or other applicable license agreement, including, 
without limitation, that your use is for the sole purpose of 
programming logic devices manufactured by Altera and sold by 
Altera or its authorized distributors.  Please refer to the 
applicable agreement for further details.



+----------------------------------------------------------------+
; Archive Project Summary                                        ;
+------------------------+---------------------------------------+
; Archive Project Status ; Successful - Tue Jan 14 14:54:44 2014 ;
; Revision Name          ; seven_segment                         ;
; Top-level Entity Name  ; seven_segment                         ;
; Family                 ; Cyclone II                            ;
+------------------------+---------------------------------------+


+--------------------------+
; Archive Project Messages ;
+--------------------------+
Info: File Set 'Custom' contains:
    Info: Automatically detected source files
    Info: Project source and settings files
Critical Warning: Analysis & Elaboration was not run successfully
    Critical Warning: The 'Automatically detected source files' file subset will attempt to guess which files are needed. The archive file will likely be larger than required and may still be incomplete.
Warning (225003): Can't find required hierarchy file niosii_system_nios2_qsys_0_rf_ram_a.mif
Warning (225003): Can't find required hierarchy file niosii_system_nios2_qsys_0_rf_ram_b.mif
Warning (225003): Can't find required hierarchy file niosii_system_nios2_qsys_0_ociram_default_contents.mif
Warning (225003): Can't find required hierarchy file niosii_system_onchip_memory2_0.hex
Info: ----------------------------------------------------------
Info: ----------------------------------------------------------
Info: Generated archive 'C:/Users/nem1/Documents/ECE492_Tutorial_1_Student_Files/seven_segment.qar'
Info: ----------------------------------------------------------
Info: ----------------------------------------------------------
Info: Generated report 'seven_segment.archive.rpt'
Info (23030): Evaluation of Tcl script c:/altera/12.1sp1/quartus/common/tcl/apps/qpm/qar.tcl was successful
Info: Quartus II 64-Bit Shell was successful. 0 errors, 6 warnings
    Info: Peak virtual memory: 335 megabytes
    Info: Processing ended: Tue Jan 14 14:54:44 2014
    Info: Elapsed time: 00:00:02
    Info: Total CPU time (on all processors): 00:00:01


+---------------------------------------------------------------------------------------+
; Files Archived                                                                        ;
+---------------------------------------------------------------------------------------+
; File Name                                                                             ;
+---------------------------------------------------------------------------------------+
; arc_file_list_temp.tmp.txt                                                            ;
; C:/altera/12.1sp1/quartus/bin64/assignment_defaults.qdf                               ;
; c:/altera/12.1sp1/quartus/bin64/assignment_defaults.qdf                               ;
; db/ip/niosII_system/niosII_system.bsf                                                 ;
; db/ip/niosII_system/niosII_system.v                                                   ;
; db/ip/niosII_system/submodules/altera_avalon_sc_fifo.v                                ;
; db/ip/niosII_system/submodules/altera_merlin_address_alignment.sv                     ;
; db/ip/niosII_system/submodules/altera_merlin_arbitrator.sv                            ;
; db/ip/niosII_system/submodules/altera_merlin_burst_adapter.sv                         ;
; db/ip/niosII_system/submodules/altera_merlin_burst_uncompressor.sv                    ;
; db/ip/niosII_system/submodules/altera_merlin_master_agent.sv                          ;
; db/ip/niosII_system/submodules/altera_merlin_master_translator.sv                     ;
; db/ip/niosII_system/submodules/altera_merlin_slave_agent.sv                           ;
; db/ip/niosII_system/submodules/altera_merlin_slave_translator.sv                      ;
; db/ip/niosII_system/submodules/altera_merlin_width_adapter.sv                         ;
; db/ip/niosII_system/submodules/altera_reset_controller.sdc                            ;
; db/ip/niosII_system/submodules/altera_reset_controller.v                              ;
; db/ip/niosII_system/submodules/altera_reset_synchronizer.v                            ;
; db/ip/niosII_system/submodules/niosII_system_addr_router.sv                           ;
; db/ip/niosII_system/submodules/niosII_system_addr_router_001.sv                       ;
; db/ip/niosII_system/submodules/niosII_system_cmd_xbar_demux.sv                        ;
; db/ip/niosII_system/submodules/niosII_system_cmd_xbar_demux_001.sv                    ;
; db/ip/niosII_system/submodules/niosII_system_cmd_xbar_mux.sv                          ;
; db/ip/niosII_system/submodules/niosII_system_id_router.sv                             ;
; db/ip/niosII_system/submodules/niosII_system_id_router_001.sv                         ;
; db/ip/niosII_system/submodules/niosII_system_id_router_003.sv                         ;
; db/ip/niosII_system/submodules/niosII_system_irq_mapper.sv                            ;
; db/ip/niosII_system/submodules/niosII_system_jtag_uart_0.v                            ;
; db/ip/niosII_system/submodules/niosII_system_jtag_uart_0_input_mutex.dat              ;
; db/ip/niosII_system/submodules/niosII_system_jtag_uart_0_input_stream.dat             ;
; db/ip/niosII_system/submodules/niosII_system_jtag_uart_0_output_stream.dat            ;
; db/ip/niosII_system/submodules/niosII_system_nios2_qsys_0.sdc                         ;
; db/ip/niosII_system/submodules/niosII_system_nios2_qsys_0.v                           ;
; db/ip/niosII_system/submodules/niosII_system_nios2_qsys_0_jtag_debug_module_sysclk.v  ;
; db/ip/niosII_system/submodules/niosII_system_nios2_qsys_0_jtag_debug_module_tck.v     ;
; db/ip/niosII_system/submodules/niosII_system_nios2_qsys_0_jtag_debug_module_wrapper.v ;
; db/ip/niosII_system/submodules/niosII_system_nios2_qsys_0_oci_test_bench.v            ;
; db/ip/niosII_system/submodules/niosII_system_nios2_qsys_0_ociram_default_contents.mif ;
; db/ip/niosII_system/submodules/niosII_system_nios2_qsys_0_rf_ram_a.mif                ;
; db/ip/niosII_system/submodules/niosII_system_nios2_qsys_0_rf_ram_b.mif                ;
; db/ip/niosII_system/submodules/niosII_system_nios2_qsys_0_test_bench.v                ;
; db/ip/niosII_system/submodules/niosII_system_onchip_memory2_0.hex                     ;
; db/ip/niosII_system/submodules/niosII_system_onchip_memory2_0.v                       ;
; db/ip/niosII_system/submodules/niosII_system_rsp_xbar_demux.sv                        ;
; db/ip/niosII_system/submodules/niosII_system_rsp_xbar_demux_003.sv                    ;
; db/ip/niosII_system/submodules/niosII_system_rsp_xbar_mux.sv                          ;
; db/ip/niosII_system/submodules/niosII_system_rsp_xbar_mux_001.sv                      ;
; db/ip/niosII_system/submodules/niosII_system_sram_0.v                                 ;
; db/ip/niosII_system/submodules/niosII_system_sysid_qsys_0.v                           ;
; db/ip/niosII_system/submodules/niosII_system_timer_0.v                                ;
; DE2.qsf                                                                               ;
; DE2_CONSTANTS.vhd                                                                     ;
; incremental_db/compiled_partitions/seven_segment.db_info                              ;
; monolith_sev_seg.vhd                                                                  ;
; niosII_system.bsf                                                                     ;
; niosII_system.qsys                                                                    ;
; output_files/seven_segment.archive.rpt                                                ;
; output_files/seven_segment.asm.rpt                                                    ;
; output_files/seven_segment.done                                                       ;
; output_files/seven_segment.fit.rpt                                                    ;
; output_files/seven_segment.fit.smsg                                                   ;
; output_files/seven_segment.fit.summary                                                ;
; output_files/seven_segment.flow.rpt                                                   ;
; output_files/seven_segment.jdi                                                        ;
; output_files/seven_segment.map.rpt                                                    ;
; output_files/seven_segment.map.smsg                                                   ;
; output_files/seven_segment.map.summary                                                ;
; output_files/seven_segment.pin                                                        ;
; output_files/seven_segment.pof                                                        ;
; output_files/seven_segment.sof                                                        ;
; output_files/seven_segment.sta.rpt                                                    ;
; output_files/seven_segment.sta.summary                                                ;
; seven_segment.jdi                                                                     ;
; seven_segment.qarlog                                                                  ;
; seven_segment.qpf                                                                     ;
; seven_segment.qsf                                                                     ;
; seven_segment.vhd                                                                     ;
; software.zip                                                                          ;
+---------------------------------------------------------------------------------------+


