
**** Build of configuration Nios II for project MIDIGenerator ****

make all 
Info: Building ../MIDIGenerator_bsp/
make --no-print-directory -C ../MIDIGenerator_bsp/
[BSP build complete]
Info: Compiling hello_ucosii.c to obj/default/hello_ucosii.o
nios2-elf-gcc -xc -MP -MMD -c -I../MIDIGenerator_bsp//UCOSII/inc -I../MIDIGenerator_bsp//HAL/inc -I../MIDIGenerator_bsp/ -I../MIDIGenerator_bsp//drivers/inc  -DSYSTEM_BUS_WIDTH=32 -pipe -D__hal__ -DALT_NO_INSTRUCTION_EMULATION -D__ucosii__    -O0 -g -Wall   -EL -mno-hw-div -mno-hw-mul -mno-hw-mulx  -o obj/default/hello_ucosii.o hello_ucosii.c
hello_ucosii.c: In function 'getMappedNote':
hello_ucosii.c:29: error: expected expression before '[' token
hello_ucosii.c:29: warning: left-hand operand of comma expression has no effect
hello_ucosii.c:29: warning: left-hand operand of comma expression has no effect
hello_ucosii.c:29: warning: left-hand operand of comma expression has no effect
hello_ucosii.c:29: warning: left-hand operand of comma expression has no effect
hello_ucosii.c:29: warning: left-hand operand of comma expression has no effect
hello_ucosii.c:29: warning: left-hand operand of comma expression has no effect
hello_ucosii.c:29: warning: left-hand operand of comma expression has no effect
hello_ucosii.c:30: warning: return discards qualifiers from pointer target type
hello_ucosii.c: In function 'sendMIDINote':
hello_ucosii.c:35: warning: too many arguments for format
hello_ucosii.c:35: warning: too many arguments for format
hello_ucosii.c: In function 'task1':
hello_ucosii.c:47: warning: implicit declaration of function 'alt_printf'
make: *** [obj/default/hello_ucosii.o] Error 1

**** Build Finished ****

**** Build of configuration Nios II for project MIDIGenerator ****

make all 
Info: Building ../MIDIGenerator_bsp/
make --no-print-directory -C ../MIDIGenerator_bsp/
[BSP build complete]
Info: Compiling hello_ucosii.c to obj/default/hello_ucosii.o
nios2-elf-gcc -xc -MP -MMD -c -I../MIDIGenerator_bsp//UCOSII/inc -I../MIDIGenerator_bsp//HAL/inc -I../MIDIGenerator_bsp/ -I../MIDIGenerator_bsp//drivers/inc  -DSYSTEM_BUS_WIDTH=32 -pipe -D__hal__ -DALT_NO_INSTRUCTION_EMULATION -D__ucosii__    -O0 -g -Wall   -EL -mno-hw-div -mno-hw-mul -mno-hw-mulx  -o obj/default/hello_ucosii.o hello_ucosii.c
hello_ucosii.c: In function 'handleLaserStatusChange':
hello_ucosii.c:28: error: 'for' loop initial declaration used outside C99 mode
hello_ucosii.c:27: warning: unused variable 'differentBits'
hello_ucosii.c: In function 'getMappedNote':
hello_ucosii.c:36: warning: function returns address of local variable
hello_ucosii.c: In function 'sendMIDINote':
hello_ucosii.c:40: warning: too many arguments for format
hello_ucosii.c:40: warning: too many arguments for format
hello_ucosii.c: In function 'task1':
hello_ucosii.c:52: warning: implicit declaration of function 'alt_printf'
make: *** [obj/default/hello_ucosii.o] Error 1

**** Build Finished ****

**** Build of configuration Nios II for project MIDIGenerator ****

make all 
Info: Building ../MIDIGenerator_bsp/
make --no-print-directory -C ../MIDIGenerator_bsp/
[BSP build complete]
Info: Compiling hello_ucosii.c to obj/default/hello_ucosii.o
nios2-elf-gcc -xc -MP -MMD -c -I../MIDIGenerator_bsp//UCOSII/inc -I../MIDIGenerator_bsp//HAL/inc -I../MIDIGenerator_bsp/ -I../MIDIGenerator_bsp//drivers/inc  -DSYSTEM_BUS_WIDTH=32 -pipe -D__hal__ -DALT_NO_INSTRUCTION_EMULATION -D__ucosii__    -O0 -g -Wall   -EL -mno-hw-div -mno-hw-mul -mno-hw-mulx  -o obj/default/hello_ucosii.o hello_ucosii.c
hello_ucosii.c: In function 'handleLaserStatusChange':
Info: Linking MIDIGenerator.elf
hello_ucosii.c:28: warning: unused variable 'differentBits'
nios2-elf-g++  -T'../MIDIGenerator_bsp//linker.x' -msys-crt0='../MIDIGenerator_bsp//obj/HAL/src/crt0.o' -msys-lib=ucosii_bsp -L../MIDIGenerator_bsp/   -Wl,-Map=MIDIGenerator.map   -O0 -g -Wall   -EL -mno-hw-div -mno-hw-mul -mno-hw-mulx  -o MIDIGenerator.elf obj/default/hello_ucosii.o -lm 
hello_ucosii.c: In function 'getMappedNote':
hello_ucosii.c:37: warning: function returns address of local variable
hello_ucosii.c: In function 'sendMIDINote':
hello_ucosii.c:41: warning: too many arguments for format
hello_ucosii.c:41: warning: too many arguments for format
hello_ucosii.c: In function 'task1':
hello_ucosii.c:53: warning: implicit declaration of function 'alt_printf'
nios2-elf-insert MIDIGenerator.elf --thread_model ucosii --cpu_name nios2_qsys_0 --qsys true --simulation_enabled false --id 0 --sidp 0x1109058 --timestamp 1424220598 --stderr_dev jtag_uart_0 --stdin_dev jtag_uart_0 --stdout_dev jtag_uart_0 --sopc_system_name niosII_system --quartus_project_dir "C:/Users/qsjiang/Documents/Github/ECE492Research/MIDIGeneratorPrototype" --jdi C:/Users/qsjiang/Documents/Github/ECE492Research/MIDIGeneratorPrototype/niosII_microc_lab1.jdi --sopcinfo C:/Users/qsjiang/Documents/Github/ECE492Research/MIDIGeneratorPrototype/niosII_system.sopcinfo
Info: (MIDIGenerator.elf) 118 KBytes program size (code + initialized data).
Info:                     8066 KBytes free for stack + heap.
Info: Creating MIDIGenerator.objdump
nios2-elf-objdump --disassemble --syms --all-header --source MIDIGenerator.elf >MIDIGenerator.objdump
[MIDIGenerator build complete]

**** Build Finished ****

**** Build of configuration Nios II for project MIDIGenerator ****

make all 
Info: Building ../MIDIGenerator_bsp/
make --no-print-directory -C ../MIDIGenerator_bsp/
[BSP build complete]
Info: Compiling hello_ucosii.c to obj/default/hello_ucosii.o
nios2-elf-gcc -xc -MP -MMD -c -I../MIDIGenerator_bsp//UCOSII/inc -I../MIDIGenerator_bsp//HAL/inc -I../MIDIGenerator_bsp/ -I../MIDIGenerator_bsp//drivers/inc  -DSYSTEM_BUS_WIDTH=32 -pipe -D__hal__ -DALT_NO_INSTRUCTION_EMULATION -D__ucosii__    -O0 -g -Wall   -EL -mno-hw-div -mno-hw-mul -mno-hw-mulx  -o obj/default/hello_ucosii.o hello_ucosii.c
Info: Linking MIDIGenerator.elf
hello_ucosii.c: In function 'handleLaserStatusChange':
hello_ucosii.c:28: warning: unused variable 'differentBits'
nios2-elf-g++  -T'../MIDIGenerator_bsp//linker.x' -msys-crt0='../MIDIGenerator_bsp//obj/HAL/src/crt0.o' -msys-lib=ucosii_bsp -L../MIDIGenerator_bsp/   -Wl,-Map=MIDIGenerator.map   -O0 -g -Wall   -EL -mno-hw-div -mno-hw-mul -mno-hw-mulx  -o MIDIGenerator.elf obj/default/hello_ucosii.o -lm 
hello_ucosii.c: In function 'getMappedNote':
nios2-elf-insert MIDIGenerator.elf --thread_model ucosii --cpu_name nios2_qsys_0 --qsys true --simulation_enabled false --id 0 --sidp 0x1109058 --timestamp 1424220598 --stderr_dev jtag_uart_0 --stdin_dev jtag_uart_0 --stdout_dev jtag_uart_0 --sopc_system_name niosII_system --quartus_project_dir "C:/Users/qsjiang/Documents/Github/ECE492Research/MIDIGeneratorPrototype" --jdi C:/Users/qsjiang/Documents/Github/ECE492Research/MIDIGeneratorPrototype/niosII_microc_lab1.jdi --sopcinfo C:/Users/qsjiang/Documents/Github/ECE492Research/MIDIGeneratorPrototype/niosII_system.sopcinfo
hello_ucosii.c:37: warning: function returns address of local variable
hello_ucosii.c: In function 'sendMIDINote':
hello_ucosii.c:41: warning: too many arguments for format
hello_ucosii.c:41: warning: too many arguments for format
hello_ucosii.c: In function 'task1':
hello_ucosii.c:53: warning: implicit declaration of function 'alt_printf'
Info: (MIDIGenerator.elf) 118 KBytes program size (code + initialized data).
Info:                     8066 KBytes free for stack + heap.
Info: Creating MIDIGenerator.objdump
nios2-elf-objdump --disassemble --syms --all-header --source MIDIGenerator.elf >MIDIGenerator.objdump
[MIDIGenerator build complete]

**** Build Finished ****

**** Build of configuration Nios II for project MIDIGenerator ****

make all 
Info: Building ../MIDIGenerator_bsp/
make --no-print-directory -C ../MIDIGenerator_bsp/
[BSP build complete]
Info: Compiling hello_ucosii.c to obj/default/hello_ucosii.o
nios2-elf-gcc -xc -MP -MMD -c -I../MIDIGenerator_bsp//UCOSII/inc -I../MIDIGenerator_bsp//HAL/inc -I../MIDIGenerator_bsp/ -I../MIDIGenerator_bsp//drivers/inc  -DSYSTEM_BUS_WIDTH=32 -pipe -D__hal__ -DALT_NO_INSTRUCTION_EMULATION -D__ucosii__    -O0 -g -Wall   -EL -mno-hw-div -mno-hw-mul -mno-hw-mulx  -o obj/default/hello_ucosii.o hello_ucosii.c
hello_ucosii.c: In function 'handleLaserStatusChange':
Info: Linking MIDIGenerator.elf
hello_ucosii.c:28: warning: unused variable 'differentBits'
nios2-elf-g++  -T'../MIDIGenerator_bsp//linker.x' -msys-crt0='../MIDIGenerator_bsp//obj/HAL/src/crt0.o' -msys-lib=ucosii_bsp -L../MIDIGenerator_bsp/   -Wl,-Map=MIDIGenerator.map   -O0 -g -Wall   -EL -mno-hw-div -mno-hw-mul -mno-hw-mulx  -o MIDIGenerator.elf obj/default/hello_ucosii.o -lm 
hello_ucosii.c: In function 'getMappedNote':
hello_ucosii.c:37: warning: function returns address of local variable
hello_ucosii.c: In function 'sendMIDINote':
hello_ucosii.c:41: warning: too many arguments for format
hello_ucosii.c:41: warning: too many arguments for format
hello_ucosii.c: In function 'task1':
hello_ucosii.c:53: warning: implicit declaration of function 'alt_printf'
nios2-elf-insert MIDIGenerator.elf --thread_model ucosii --cpu_name nios2_qsys_0 --qsys true --simulation_enabled false --id 0 --sidp 0x1109058 --timestamp 1424220598 --stderr_dev jtag_uart_0 --stdin_dev jtag_uart_0 --stdout_dev jtag_uart_0 --sopc_system_name niosII_system --quartus_project_dir "C:/Users/qsjiang/Documents/Github/ECE492Research/MIDIGeneratorPrototype" --jdi C:/Users/qsjiang/Documents/Github/ECE492Research/MIDIGeneratorPrototype/niosII_microc_lab1.jdi --sopcinfo C:/Users/qsjiang/Documents/Github/ECE492Research/MIDIGeneratorPrototype/niosII_system.sopcinfo
Info: (MIDIGenerator.elf) 118 KBytes program size (code + initialized data).
Info:                     8066 KBytes free for stack + heap.
Info: Creating MIDIGenerator.objdump
nios2-elf-objdump --disassemble --syms --all-header --source MIDIGenerator.elf >MIDIGenerator.objdump
[MIDIGenerator build complete]

**** Build Finished ****

**** Build of configuration Nios II for project MIDIGenerator ****

make all 
Info: Building ../MIDIGenerator_bsp/
make --no-print-directory -C ../MIDIGenerator_bsp/
[BSP build complete]
Info: Compiling hello_ucosii.c to obj/default/hello_ucosii.o
nios2-elf-gcc -xc -MP -MMD -c -I../MIDIGenerator_bsp//UCOSII/inc -I../MIDIGenerator_bsp//HAL/inc -I../MIDIGenerator_bsp/ -I../MIDIGenerator_bsp//drivers/inc  -DSYSTEM_BUS_WIDTH=32 -pipe -D__hal__ -DALT_NO_INSTRUCTION_EMULATION -D__ucosii__    -O0 -g -Wall   -EL -mno-hw-div -mno-hw-mul -mno-hw-mulx  -o obj/default/hello_ucosii.o hello_ucosii.c
hello_ucosii.c: In function 'handleLaserStatusChange':
hello_ucosii.c:30: error: invalid lvalue in assignment
hello_ucosii.c:30: error: invalid lvalue in assignment
hello_ucosii.c:31: warning: implicit declaration of function 'sendMIDINote'
hello_ucosii.c:31: warning: implicit declaration of function 'getMappedNote'
hello_ucosii.c: At top level:
hello_ucosii.c:37: error: conflicting types for 'getMappedNote'
hello_ucosii.c:31: error: previous implicit declaration of 'getMappedNote' was here
hello_ucosii.c: In function 'getMappedNote':
hello_ucosii.c:39: warning: function returns address of local variable
hello_ucosii.c: At top level:
hello_ucosii.c:42: warning: conflicting types for 'sendMIDINote'
hello_ucosii.c:31: warning: previous implicit declaration of 'sendMIDINote' was here
hello_ucosii.c: In function 'sendMIDINote':
hello_ucosii.c:43: warning: too many arguments for format
hello_ucosii.c:43: warning: too many arguments for format
hello_ucosii.c: In function 'task1':
hello_ucosii.c:55: warning: implicit declaration of function 'alt_printf'
make: *** [obj/default/hello_ucosii.o] Error 1

**** Build Finished ****

**** Build of configuration Nios II for project MIDIGenerator ****

make all 
Info: Building ../MIDIGenerator_bsp/
make --no-print-directory -C ../MIDIGenerator_bsp/
[BSP build complete]
Info: Compiling hello_ucosii.c to obj/default/hello_ucosii.o
nios2-elf-gcc -xc -MP -MMD -c -I../MIDIGenerator_bsp//UCOSII/inc -I../MIDIGenerator_bsp//HAL/inc -I../MIDIGenerator_bsp/ -I../MIDIGenerator_bsp//drivers/inc  -DSYSTEM_BUS_WIDTH=32 -pipe -D__hal__ -DALT_NO_INSTRUCTION_EMULATION -D__ucosii__    -O0 -g -Wall   -EL -mno-hw-div -mno-hw-mul -mno-hw-mulx  -o obj/default/hello_ucosii.o hello_ucosii.c
hello_ucosii.c: In function 'handleLaserStatusChange':
hello_ucosii.c:30: error: invalid lvalue in assignment
hello_ucosii.c:30: error: invalid lvalue in assignment
hello_ucosii.c: In function 'getMappedNote':
hello_ucosii.c:38: warning: function returns address of local variable
hello_ucosii.c: In function 'sendMIDINote':
hello_ucosii.c:42: warning: too many arguments for format
hello_ucosii.c:42: warning: too many arguments for format
hello_ucosii.c: In function 'task1':
hello_ucosii.c:54: warning: implicit declaration of function 'alt_printf'
make: *** [obj/default/hello_ucosii.o] Error 1

**** Build Finished ****

**** Build of configuration Nios II for project MIDIGenerator ****

make all 
Info: Building ../MIDIGenerator_bsp/
make --no-print-directory -C ../MIDIGenerator_bsp/
[BSP build complete]
Info: Compiling hello_ucosii.c to obj/default/hello_ucosii.o
nios2-elf-gcc -xc -MP -MMD -c -I../MIDIGenerator_bsp//UCOSII/inc -I../MIDIGenerator_bsp//HAL/inc -I../MIDIGenerator_bsp/ -I../MIDIGenerator_bsp//drivers/inc  -DSYSTEM_BUS_WIDTH=32 -pipe -D__hal__ -DALT_NO_INSTRUCTION_EMULATION -D__ucosii__    -O0 -g -Wall   -EL -mno-hw-div -mno-hw-mul -mno-hw-mulx  -o obj/default/hello_ucosii.o hello_ucosii.c
hello_ucosii.c: In function 'handleLaserStatusChange':
Info: Linking MIDIGenerator.elf
hello_ucosii.c:30: warning: suggest parentheses around comparison in operand of &
nios2-elf-g++  -T'../MIDIGenerator_bsp//linker.x' -msys-crt0='../MIDIGenerator_bsp//obj/HAL/src/crt0.o' -msys-lib=ucosii_bsp -L../MIDIGenerator_bsp/   -Wl,-Map=MIDIGenerator.map   -O0 -g -Wall   -EL -mno-hw-div -mno-hw-mul -mno-hw-mulx  -o MIDIGenerator.elf obj/default/hello_ucosii.o -lm 
hello_ucosii.c: In function 'getMappedNote':
hello_ucosii.c:38: warning: function returns address of local variable
nios2-elf-insert MIDIGenerator.elf --thread_model ucosii --cpu_name nios2_qsys_0 --qsys true --simulation_enabled false --id 0 --sidp 0x1109058 --timestamp 1424220598 --stderr_dev jtag_uart_0 --stdin_dev jtag_uart_0 --stdout_dev jtag_uart_0 --sopc_system_name niosII_system --quartus_project_dir "C:/Users/qsjiang/Documents/Github/ECE492Research/MIDIGeneratorPrototype" --jdi C:/Users/qsjiang/Documents/Github/ECE492Research/MIDIGeneratorPrototype/niosII_microc_lab1.jdi --sopcinfo C:/Users/qsjiang/Documents/Github/ECE492Research/MIDIGeneratorPrototype/niosII_system.sopcinfo
hello_ucosii.c: In function 'sendMIDINote':
hello_ucosii.c:42: warning: too many arguments for format
hello_ucosii.c:42: warning: too many arguments for format
hello_ucosii.c: In function 'task1':
hello_ucosii.c:54: warning: implicit declaration of function 'alt_printf'
Info: (MIDIGenerator.elf) 118 KBytes program size (code + initialized data).
Info:                     8066 KBytes free for stack + heap.
Info: Creating MIDIGenerator.objdump
nios2-elf-objdump --disassemble --syms --all-header --source MIDIGenerator.elf >MIDIGenerator.objdump
[MIDIGenerator build complete]

**** Build Finished ****

**** Build of configuration Nios II for project MIDIGenerator ****

make all 
Info: Building ../MIDIGenerator_bsp/
make --no-print-directory -C ../MIDIGenerator_bsp/
[BSP build complete]
Info: Compiling hello_ucosii.c to obj/default/hello_ucosii.o
nios2-elf-gcc -xc -MP -MMD -c -I../MIDIGenerator_bsp//UCOSII/inc -I../MIDIGenerator_bsp//HAL/inc -I../MIDIGenerator_bsp/ -I../MIDIGenerator_bsp//drivers/inc  -DSYSTEM_BUS_WIDTH=32 -pipe -D__hal__ -DALT_NO_INSTRUCTION_EMULATION -D__ucosii__    -O0 -g -Wall   -EL -mno-hw-div -mno-hw-mul -mno-hw-mulx  -o obj/default/hello_ucosii.o hello_ucosii.c
hello_ucosii.c: In function 'handleLaserStatusChange':
hello_ucosii.c:30: warning: suggest parentheses around comparison in operand of &
hello_ucosii.c:31: warning: implicit declaration of function 'getMappedNote'
hello_ucosii.c: At top level:
hello_ucosii.c:37: error: conflicting types for 'getMappedNote'
hello_ucosii.c:31: error: previous implicit declaration of 'getMappedNote' was here
hello_ucosii.c: In function 'getMappedNote':
hello_ucosii.c:39: warning: function returns address of local variable
hello_ucosii.c: In function 'sendMIDINote':
hello_ucosii.c:43: warning: too many arguments for format
hello_ucosii.c:43: warning: too many arguments for format
hello_ucosii.c: In function 'task1':
hello_ucosii.c:55: warning: implicit declaration of function 'alt_printf'
make: *** [obj/default/hello_ucosii.o] Error 1

**** Build Finished ****

**** Build of configuration Nios II for project MIDIGenerator ****

make all 
Info: Building ../MIDIGenerator_bsp/
make --no-print-directory -C ../MIDIGenerator_bsp/
[BSP build complete]
Info: Compiling hello_ucosii.c to obj/default/hello_ucosii.o
nios2-elf-gcc -xc -MP -MMD -c -I../MIDIGenerator_bsp//UCOSII/inc -I../MIDIGenerator_bsp//HAL/inc -I../MIDIGenerator_bsp/ -I../MIDIGenerator_bsp//drivers/inc  -DSYSTEM_BUS_WIDTH=32 -pipe -D__hal__ -DALT_NO_INSTRUCTION_EMULATION -D__ucosii__    -O0 -g -Wall   -EL -mno-hw-div -mno-hw-mul -mno-hw-mulx  -o obj/default/hello_ucosii.o hello_ucosii.c
hello_ucosii.c: In function 'getMappedNote':
hello_ucosii.c:25: warning: function returns address of local variable
hello_ucosii.c: In function 'sendMIDINote':
hello_ucosii.c:29: warning: too many arguments for format
hello_ucosii.c:29: warning: too many arguments for format
hello_ucosii.c: In function 'handleLaserStatusChange':
hello_ucosii.c:38: warning: suggest parentheses around comparison in operand of &
hello_ucosii.c:39: warning: passing argument 1 of 'getMappedNote' makes integer from pointer without a cast
hello_ucosii.c: In function 'task1':
hello_ucosii.c:56: warning: implicit declaration of function 'alt_printf'
Info: Linking MIDIGenerator.elf
nios2-elf-g++  -T'../MIDIGenerator_bsp//linker.x' -msys-crt0='../MIDIGenerator_bsp//obj/HAL/src/crt0.o' -msys-lib=ucosii_bsp -L../MIDIGenerator_bsp/   -Wl,-Map=MIDIGenerator.map   -O0 -g -Wall   -EL -mno-hw-div -mno-hw-mul -mno-hw-mulx  -o MIDIGenerator.elf obj/default/hello_ucosii.o -lm 
nios2-elf-insert MIDIGenerator.elf --thread_model ucosii --cpu_name nios2_qsys_0 --qsys true --simulation_enabled false --id 0 --sidp 0x1109058 --timestamp 1424220598 --stderr_dev jtag_uart_0 --stdin_dev jtag_uart_0 --stdout_dev jtag_uart_0 --sopc_system_name niosII_system --quartus_project_dir "C:/Users/qsjiang/Documents/Github/ECE492Research/MIDIGeneratorPrototype" --jdi C:/Users/qsjiang/Documents/Github/ECE492Research/MIDIGeneratorPrototype/niosII_microc_lab1.jdi --sopcinfo C:/Users/qsjiang/Documents/Github/ECE492Research/MIDIGeneratorPrototype/niosII_system.sopcinfo
Info: (MIDIGenerator.elf) 118 KBytes program size (code + initialized data).
Info:                     8066 KBytes free for stack + heap.
Info: Creating MIDIGenerator.objdump
nios2-elf-objdump --disassemble --syms --all-header --source MIDIGenerator.elf >MIDIGenerator.objdump
[MIDIGenerator build complete]

**** Build Finished ****

**** Build of configuration Nios II for project MIDIGenerator ****

make all 
Info: Building ../MIDIGenerator_bsp/
make --no-print-directory -C ../MIDIGenerator_bsp/
[BSP build complete]
Info: Compiling hello_ucosii.c to obj/default/hello_ucosii.o
nios2-elf-gcc -xc -MP -MMD -c -I../MIDIGenerator_bsp//UCOSII/inc -I../MIDIGenerator_bsp//HAL/inc -I../MIDIGenerator_bsp/ -I../MIDIGenerator_bsp//drivers/inc  -DSYSTEM_BUS_WIDTH=32 -pipe -D__hal__ -DALT_NO_INSTRUCTION_EMULATION -D__ucosii__    -O0 -g -Wall   -EL -mno-hw-div -mno-hw-mul -mno-hw-mulx  -o obj/default/hello_ucosii.o hello_ucosii.c
hello_ucosii.c: In function 'getMappedNote':
hello_ucosii.c:25: warning: function returns address of local variable
hello_ucosii.c: In function 'sendMIDINote':
hello_ucosii.c:29: warning: too many arguments for format
hello_ucosii.c:29: warning: too many arguments for format
hello_ucosii.c: In function 'handleLaserStatusChange':
hello_ucosii.c:39: warning: suggest parentheses around comparison in operand of &
hello_ucosii.c:40: warning: passing argument 1 of 'getMappedNote' makes integer from pointer without a cast
hello_ucosii.c: In function 'task1':
hello_ucosii.c:57: warning: implicit declaration of function 'alt_printf'
Info: Linking MIDIGenerator.elf
nios2-elf-g++  -T'../MIDIGenerator_bsp//linker.x' -msys-crt0='../MIDIGenerator_bsp//obj/HAL/src/crt0.o' -msys-lib=ucosii_bsp -L../MIDIGenerator_bsp/   -Wl,-Map=MIDIGenerator.map   -O0 -g -Wall   -EL -mno-hw-div -mno-hw-mul -mno-hw-mulx  -o MIDIGenerator.elf obj/default/hello_ucosii.o -lm 
nios2-elf-insert MIDIGenerator.elf --thread_model ucosii --cpu_name nios2_qsys_0 --qsys true --simulation_enabled false --id 0 --sidp 0x1109058 --timestamp 1424220598 --stderr_dev jtag_uart_0 --stdin_dev jtag_uart_0 --stdout_dev jtag_uart_0 --sopc_system_name niosII_system --quartus_project_dir "C:/Users/qsjiang/Documents/Github/ECE492Research/MIDIGeneratorPrototype" --jdi C:/Users/qsjiang/Documents/Github/ECE492Research/MIDIGeneratorPrototype/niosII_microc_lab1.jdi --sopcinfo C:/Users/qsjiang/Documents/Github/ECE492Research/MIDIGeneratorPrototype/niosII_system.sopcinfo
Info: (MIDIGenerator.elf) 118 KBytes program size (code + initialized data).
Info:                     8066 KBytes free for stack + heap.
Info: Creating MIDIGenerator.objdump
nios2-elf-objdump --disassemble --syms --all-header --source MIDIGenerator.elf >MIDIGenerator.objdump
[MIDIGenerator build complete]

**** Build Finished ****

**** Build of configuration Nios II for project MIDIGenerator ****

make all 
Info: Building ../MIDIGenerator_bsp/
make --no-print-directory -C ../MIDIGenerator_bsp/
[BSP build complete]
Info: Compiling hello_ucosii.c to obj/default/hello_ucosii.o
nios2-elf-gcc -xc -MP -MMD -c -I../MIDIGenerator_bsp//UCOSII/inc -I../MIDIGenerator_bsp//HAL/inc -I../MIDIGenerator_bsp/ -I../MIDIGenerator_bsp//drivers/inc  -DSYSTEM_BUS_WIDTH=32 -pipe -D__hal__ -DALT_NO_INSTRUCTION_EMULATION -D__ucosii__    -O0 -g -Wall   -EL -mno-hw-div -mno-hw-mul -mno-hw-mulx  -o obj/default/hello_ucosii.o hello_ucosii.c
hello_ucosii.c: In function 'getMappedNote':
hello_ucosii.c:25: warning: function returns address of local variable
hello_ucosii.c: In function 'sendMIDINote':
hello_ucosii.c:29: warning: too many arguments for format
hello_ucosii.c:29: warning: too many arguments for format
hello_ucosii.c: In function 'handleLaserStatusChange':
hello_ucosii.c:39: warning: suggest parentheses around comparison in operand of &
hello_ucosii.c:42: warning: passing argument 1 of 'getMappedNote' makes integer from pointer without a cast
hello_ucosii.c: In function 'task1':
hello_ucosii.c:59: warning: implicit declaration of function 'alt_printf'
Info: Linking MIDIGenerator.elf
nios2-elf-g++  -T'../MIDIGenerator_bsp//linker.x' -msys-crt0='../MIDIGenerator_bsp//obj/HAL/src/crt0.o' -msys-lib=ucosii_bsp -L../MIDIGenerator_bsp/   -Wl,-Map=MIDIGenerator.map   -O0 -g -Wall   -EL -mno-hw-div -mno-hw-mul -mno-hw-mulx  -o MIDIGenerator.elf obj/default/hello_ucosii.o -lm 
nios2-elf-insert MIDIGenerator.elf --thread_model ucosii --cpu_name nios2_qsys_0 --qsys true --simulation_enabled false --id 0 --sidp 0x1109058 --timestamp 1424220598 --stderr_dev jtag_uart_0 --stdin_dev jtag_uart_0 --stdout_dev jtag_uart_0 --sopc_system_name niosII_system --quartus_project_dir "C:/Users/qsjiang/Documents/Github/ECE492Research/MIDIGeneratorPrototype" --jdi C:/Users/qsjiang/Documents/Github/ECE492Research/MIDIGeneratorPrototype/niosII_microc_lab1.jdi --sopcinfo C:/Users/qsjiang/Documents/Github/ECE492Research/MIDIGeneratorPrototype/niosII_system.sopcinfo
Info: (MIDIGenerator.elf) 118 KBytes program size (code + initialized data).
Info:                     8066 KBytes free for stack + heap.
Info: Creating MIDIGenerator.objdump
nios2-elf-objdump --disassemble --syms --all-header --source MIDIGenerator.elf >MIDIGenerator.objdump
[MIDIGenerator build complete]

**** Build Finished ****

**** Build of configuration Nios II for project MIDIGenerator ****

make all 
Info: Building ../MIDIGenerator_bsp/
make --no-print-directory -C ../MIDIGenerator_bsp/
[BSP build complete]
Info: Compiling hello_ucosii.c to obj/default/hello_ucosii.o
nios2-elf-gcc -xc -MP -MMD -c -I../MIDIGenerator_bsp//UCOSII/inc -I../MIDIGenerator_bsp//HAL/inc -I../MIDIGenerator_bsp/ -I../MIDIGenerator_bsp//drivers/inc  -DSYSTEM_BUS_WIDTH=32 -pipe -D__hal__ -DALT_NO_INSTRUCTION_EMULATION -D__ucosii__    -O0 -g -Wall   -EL -mno-hw-div -mno-hw-mul -mno-hw-mulx  -o obj/default/hello_ucosii.o hello_ucosii.c
hello_ucosii.c: In function 'getMappedNote':
Info: Linking MIDIGenerator.elf
hello_ucosii.c:25: warning: function returns address of local variable
nios2-elf-g++  -T'../MIDIGenerator_bsp//linker.x' -msys-crt0='../MIDIGenerator_bsp//obj/HAL/src/crt0.o' -msys-lib=ucosii_bsp -L../MIDIGenerator_bsp/   -Wl,-Map=MIDIGenerator.map   -O0 -g -Wall   -EL -mno-hw-div -mno-hw-mul -mno-hw-mulx  -o MIDIGenerator.elf obj/default/hello_ucosii.o -lm 
hello_ucosii.c: In function 'sendMIDINote':
hello_ucosii.c:29: warning: too many arguments for format
hello_ucosii.c:29: warning: too many arguments for format
hello_ucosii.c: In function 'handleLaserStatusChange':
hello_ucosii.c:42: warning: passing argument 1 of 'getMappedNote' makes integer from pointer without a cast
hello_ucosii.c: In function 'task1':
hello_ucosii.c:59: warning: implicit declaration of function 'alt_printf'
nios2-elf-insert MIDIGenerator.elf --thread_model ucosii --cpu_name nios2_qsys_0 --qsys true --simulation_enabled false --id 0 --sidp 0x1109058 --timestamp 1424220598 --stderr_dev jtag_uart_0 --stdin_dev jtag_uart_0 --stdout_dev jtag_uart_0 --sopc_system_name niosII_system --quartus_project_dir "C:/Users/qsjiang/Documents/Github/ECE492Research/MIDIGeneratorPrototype" --jdi C:/Users/qsjiang/Documents/Github/ECE492Research/MIDIGeneratorPrototype/niosII_microc_lab1.jdi --sopcinfo C:/Users/qsjiang/Documents/Github/ECE492Research/MIDIGeneratorPrototype/niosII_system.sopcinfo
Info: (MIDIGenerator.elf) 118 KBytes program size (code + initialized data).
Info:                     8066 KBytes free for stack + heap.
Info: Creating MIDIGenerator.objdump
nios2-elf-objdump --disassemble --syms --all-header --source MIDIGenerator.elf >MIDIGenerator.objdump
[MIDIGenerator build complete]

**** Build Finished ****

**** Build of configuration Nios II for project MIDIGenerator ****

make all 
Info: Building ../MIDIGenerator_bsp/
make --no-print-directory -C ../MIDIGenerator_bsp/
[BSP build complete]
Info: Compiling hello_ucosii.c to obj/default/hello_ucosii.o
nios2-elf-gcc -xc -MP -MMD -c -I../MIDIGenerator_bsp//UCOSII/inc -I../MIDIGenerator_bsp//HAL/inc -I../MIDIGenerator_bsp/ -I../MIDIGenerator_bsp//drivers/inc  -DSYSTEM_BUS_WIDTH=32 -pipe -D__hal__ -DALT_NO_INSTRUCTION_EMULATION -D__ucosii__    -O0 -g -Wall   -EL -mno-hw-div -mno-hw-mul -mno-hw-mulx  -o obj/default/hello_ucosii.o hello_ucosii.c
hello_ucosii.c: In function 'getMappedNote':
Info: Linking MIDIGenerator.elf
hello_ucosii.c:25: warning: function returns address of local variable
nios2-elf-g++  -T'../MIDIGenerator_bsp//linker.x' -msys-crt0='../MIDIGenerator_bsp//obj/HAL/src/crt0.o' -msys-lib=ucosii_bsp -L../MIDIGenerator_bsp/   -Wl,-Map=MIDIGenerator.map   -O0 -g -Wall   -EL -mno-hw-div -mno-hw-mul -mno-hw-mulx  -o MIDIGenerator.elf obj/default/hello_ucosii.o -lm 
hello_ucosii.c: In function 'sendMIDINote':
hello_ucosii.c:29: warning: too many arguments for format
hello_ucosii.c:29: warning: too many arguments for format
hello_ucosii.c: In function 'handleLaserStatusChange':
hello_ucosii.c:43: warning: passing argument 1 of 'getMappedNote' makes integer from pointer without a cast
hello_ucosii.c: In function 'task1':
hello_ucosii.c:60: warning: implicit declaration of function 'alt_printf'
nios2-elf-insert MIDIGenerator.elf --thread_model ucosii --cpu_name nios2_qsys_0 --qsys true --simulation_enabled false --id 0 --sidp 0x1109058 --timestamp 1424220598 --stderr_dev jtag_uart_0 --stdin_dev jtag_uart_0 --stdout_dev jtag_uart_0 --sopc_system_name niosII_system --quartus_project_dir "C:/Users/qsjiang/Documents/Github/ECE492Research/MIDIGeneratorPrototype" --jdi C:/Users/qsjiang/Documents/Github/ECE492Research/MIDIGeneratorPrototype/niosII_microc_lab1.jdi --sopcinfo C:/Users/qsjiang/Documents/Github/ECE492Research/MIDIGeneratorPrototype/niosII_system.sopcinfo
Info: (MIDIGenerator.elf) 118 KBytes program size (code + initialized data).
Info:                     8066 KBytes free for stack + heap.
Info: Creating MIDIGenerator.objdump
nios2-elf-objdump --disassemble --syms --all-header --source MIDIGenerator.elf >MIDIGenerator.objdump
[MIDIGenerator build complete]

**** Build Finished ****

**** Build of configuration Nios II for project MIDIGenerator ****

make all 
Info: Building ../MIDIGenerator_bsp/
make --no-print-directory -C ../MIDIGenerator_bsp/
[BSP build complete]
Info: Compiling hello_ucosii.c to obj/default/hello_ucosii.o
nios2-elf-gcc -xc -MP -MMD -c -I../MIDIGenerator_bsp//UCOSII/inc -I../MIDIGenerator_bsp//HAL/inc -I../MIDIGenerator_bsp/ -I../MIDIGenerator_bsp//drivers/inc  -DSYSTEM_BUS_WIDTH=32 -pipe -D__hal__ -DALT_NO_INSTRUCTION_EMULATION -D__ucosii__    -O0 -g -Wall   -EL -mno-hw-div -mno-hw-mul -mno-hw-mulx  -o obj/default/hello_ucosii.o hello_ucosii.c
Info: Linking MIDIGenerator.elf
nios2-elf-g++  -T'../MIDIGenerator_bsp//linker.x' -msys-crt0='../MIDIGenerator_bsp//obj/HAL/src/crt0.o' -msys-lib=ucosii_bsp -L../MIDIGenerator_bsp/   -Wl,-Map=MIDIGenerator.map   -O0 -g -Wall   -EL -mno-hw-div -mno-hw-mul -mno-hw-mulx  -o MIDIGenerator.elf obj/default/hello_ucosii.o -lm 
hello_ucosii.c: In function 'getMappedNote':
hello_ucosii.c:25: warning: function returns address of local variable
hello_ucosii.c: In function 'sendMIDINote':
hello_ucosii.c:29: warning: too many arguments for format
hello_ucosii.c:29: warning: too many arguments for format
hello_ucosii.c: In function 'handleLaserStatusChange':
nios2-elf-insert MIDIGenerator.elf --thread_model ucosii --cpu_name nios2_qsys_0 --qsys true --simulation_enabled false --id 0 --sidp 0x1109058 --timestamp 1424220598 --stderr_dev jtag_uart_0 --stdin_dev jtag_uart_0 --stdout_dev jtag_uart_0 --sopc_system_name niosII_system --quartus_project_dir "C:/Users/qsjiang/Documents/Github/ECE492Research/MIDIGeneratorPrototype" --jdi C:/Users/qsjiang/Documents/Github/ECE492Research/MIDIGeneratorPrototype/niosII_microc_lab1.jdi --sopcinfo C:/Users/qsjiang/Documents/Github/ECE492Research/MIDIGeneratorPrototype/niosII_system.sopcinfo
hello_ucosii.c:44: warning: passing argument 1 of 'getMappedNote' makes integer from pointer without a cast
hello_ucosii.c: In function 'task1':
hello_ucosii.c:61: warning: implicit declaration of function 'alt_printf'
Info: (MIDIGenerator.elf) 118 KBytes program size (code + initialized data).
Info:                     8066 KBytes free for stack + heap.
Info: Creating MIDIGenerator.objdump
nios2-elf-objdump --disassemble --syms --all-header --source MIDIGenerator.elf >MIDIGenerator.objdump
[MIDIGenerator build complete]

**** Build Finished ****

**** Build of configuration Nios II for project MIDIGenerator ****

make all 
Info: Building ../MIDIGenerator_bsp/
make --no-print-directory -C ../MIDIGenerator_bsp/
[BSP build complete]
Info: Compiling hello_ucosii.c to obj/default/hello_ucosii.o
nios2-elf-gcc -xc -MP -MMD -c -I../MIDIGenerator_bsp//UCOSII/inc -I../MIDIGenerator_bsp//HAL/inc -I../MIDIGenerator_bsp/ -I../MIDIGenerator_bsp//drivers/inc  -DSYSTEM_BUS_WIDTH=32 -pipe -D__hal__ -DALT_NO_INSTRUCTION_EMULATION -D__ucosii__    -O0 -g -Wall   -EL -mno-hw-div -mno-hw-mul -mno-hw-mulx  -o obj/default/hello_ucosii.o hello_ucosii.c
hello_ucosii.c: In function 'getMappedNote':
Info: Linking MIDIGenerator.elf
hello_ucosii.c:25: warning: function returns address of local variable
nios2-elf-g++  -T'../MIDIGenerator_bsp//linker.x' -msys-crt0='../MIDIGenerator_bsp//obj/HAL/src/crt0.o' -msys-lib=ucosii_bsp -L../MIDIGenerator_bsp/   -Wl,-Map=MIDIGenerator.map   -O0 -g -Wall   -EL -mno-hw-div -mno-hw-mul -mno-hw-mulx  -o MIDIGenerator.elf obj/default/hello_ucosii.o -lm 
hello_ucosii.c: In function 'sendMIDINote':
hello_ucosii.c:29: warning: too many arguments for format
hello_ucosii.c:29: warning: too many arguments for format
hello_ucosii.c: In function 'handleLaserStatusChange':
hello_ucosii.c:45: warning: passing argument 1 of 'getMappedNote' makes integer from pointer without a cast
hello_ucosii.c: In function 'task1':
hello_ucosii.c:62: warning: implicit declaration of function 'alt_printf'
nios2-elf-insert MIDIGenerator.elf --thread_model ucosii --cpu_name nios2_qsys_0 --qsys true --simulation_enabled false --id 0 --sidp 0x1109058 --timestamp 1424220598 --stderr_dev jtag_uart_0 --stdin_dev jtag_uart_0 --stdout_dev jtag_uart_0 --sopc_system_name niosII_system --quartus_project_dir "C:/Users/qsjiang/Documents/Github/ECE492Research/MIDIGeneratorPrototype" --jdi C:/Users/qsjiang/Documents/Github/ECE492Research/MIDIGeneratorPrototype/niosII_microc_lab1.jdi --sopcinfo C:/Users/qsjiang/Documents/Github/ECE492Research/MIDIGeneratorPrototype/niosII_system.sopcinfo
Info: (MIDIGenerator.elf) 118 KBytes program size (code + initialized data).
Info:                     8066 KBytes free for stack + heap.
Info: Creating MIDIGenerator.objdump
nios2-elf-objdump --disassemble --syms --all-header --source MIDIGenerator.elf >MIDIGenerator.objdump
[MIDIGenerator build complete]

**** Build Finished ****

**** Build of configuration Nios II for project MIDIGenerator ****

make all 
Info: Building ../MIDIGenerator_bsp/
make --no-print-directory -C ../MIDIGenerator_bsp/
[BSP build complete]
Info: Compiling hello_ucosii.c to obj/default/hello_ucosii.o
nios2-elf-gcc -xc -MP -MMD -c -I../MIDIGenerator_bsp//UCOSII/inc -I../MIDIGenerator_bsp//HAL/inc -I../MIDIGenerator_bsp/ -I../MIDIGenerator_bsp//drivers/inc  -DSYSTEM_BUS_WIDTH=32 -pipe -D__hal__ -DALT_NO_INSTRUCTION_EMULATION -D__ucosii__    -O0 -g -Wall   -EL -mno-hw-div -mno-hw-mul -mno-hw-mulx  -o obj/default/hello_ucosii.o hello_ucosii.c
hello_ucosii.c: In function 'getMappedNote':
Info: Linking MIDIGenerator.elf
hello_ucosii.c:25: warning: function returns address of local variable
nios2-elf-g++  -T'../MIDIGenerator_bsp//linker.x' -msys-crt0='../MIDIGenerator_bsp//obj/HAL/src/crt0.o' -msys-lib=ucosii_bsp -L../MIDIGenerator_bsp/   -Wl,-Map=MIDIGenerator.map   -O0 -g -Wall   -EL -mno-hw-div -mno-hw-mul -mno-hw-mulx  -o MIDIGenerator.elf obj/default/hello_ucosii.o -lm 
hello_ucosii.c: In function 'handleLaserStatusChange':
hello_ucosii.c:45: warning: passing argument 1 of 'getMappedNote' makes integer from pointer without a cast
nios2-elf-insert MIDIGenerator.elf --thread_model ucosii --cpu_name nios2_qsys_0 --qsys true --simulation_enabled false --id 0 --sidp 0x1109058 --timestamp 1424220598 --stderr_dev jtag_uart_0 --stdin_dev jtag_uart_0 --stdout_dev jtag_uart_0 --sopc_system_name niosII_system --quartus_project_dir "C:/Users/qsjiang/Documents/Github/ECE492Research/MIDIGeneratorPrototype" --jdi C:/Users/qsjiang/Documents/Github/ECE492Research/MIDIGeneratorPrototype/niosII_microc_lab1.jdi --sopcinfo C:/Users/qsjiang/Documents/Github/ECE492Research/MIDIGeneratorPrototype/niosII_system.sopcinfo
hello_ucosii.c: In function 'task1':
hello_ucosii.c:62: warning: implicit declaration of function 'alt_printf'
Info: (MIDIGenerator.elf) 118 KBytes program size (code + initialized data).
Info:                     8066 KBytes free for stack + heap.
Info: Creating MIDIGenerator.objdump
nios2-elf-objdump --disassemble --syms --all-header --source MIDIGenerator.elf >MIDIGenerator.objdump
[MIDIGenerator build complete]

**** Build Finished ****

**** Build of configuration Nios II for project MIDIGenerator ****

make all 
Info: Building ../MIDIGenerator_bsp/
make --no-print-directory -C ../MIDIGenerator_bsp/
[BSP build complete]
Info: Compiling hello_ucosii.c to obj/default/hello_ucosii.o
nios2-elf-gcc -xc -MP -MMD -c -I../MIDIGenerator_bsp//UCOSII/inc -I../MIDIGenerator_bsp//HAL/inc -I../MIDIGenerator_bsp/ -I../MIDIGenerator_bsp//drivers/inc  -DSYSTEM_BUS_WIDTH=32 -pipe -D__hal__ -DALT_NO_INSTRUCTION_EMULATION -D__ucosii__    -O0 -g -Wall   -EL -mno-hw-div -mno-hw-mul -mno-hw-mulx  -o obj/default/hello_ucosii.o hello_ucosii.c
hello_ucosii.c: In function 'getMappedNote':
hello_ucosii.c:25: warning: function returns address of local variable
Info: Linking MIDIGenerator.elf
hello_ucosii.c: In function 'handleLaserStatusChange':
nios2-elf-g++  -T'../MIDIGenerator_bsp//linker.x' -msys-crt0='../MIDIGenerator_bsp//obj/HAL/src/crt0.o' -msys-lib=ucosii_bsp -L../MIDIGenerator_bsp/   -Wl,-Map=MIDIGenerator.map   -O0 -g -Wall   -EL -mno-hw-div -mno-hw-mul -mno-hw-mulx  -o MIDIGenerator.elf obj/default/hello_ucosii.o -lm 
hello_ucosii.c:45: warning: passing argument 1 of 'getMappedNote' makes integer from pointer without a cast
nios2-elf-insert MIDIGenerator.elf --thread_model ucosii --cpu_name nios2_qsys_0 --qsys true --simulation_enabled false --id 0 --sidp 0x1109058 --timestamp 1424220598 --stderr_dev jtag_uart_0 --stdin_dev jtag_uart_0 --stdout_dev jtag_uart_0 --sopc_system_name niosII_system --quartus_project_dir "C:/Users/qsjiang/Documents/Github/ECE492Research/MIDIGeneratorPrototype" --jdi C:/Users/qsjiang/Documents/Github/ECE492Research/MIDIGeneratorPrototype/niosII_microc_lab1.jdi --sopcinfo C:/Users/qsjiang/Documents/Github/ECE492Research/MIDIGeneratorPrototype/niosII_system.sopcinfo
hello_ucosii.c: In function 'task1':
hello_ucosii.c:64: warning: implicit declaration of function 'alt_printf'
Info: (MIDIGenerator.elf) 118 KBytes program size (code + initialized data).
Info:                     8066 KBytes free for stack + heap.
Info: Creating MIDIGenerator.objdump
nios2-elf-objdump --disassemble --syms --all-header --source MIDIGenerator.elf >MIDIGenerator.objdump
[MIDIGenerator build complete]

**** Build Finished ****

**** Build of configuration Nios II for project MIDIGenerator ****

make all 
Info: Building ../MIDIGenerator_bsp/
make --no-print-directory -C ../MIDIGenerator_bsp/
[BSP build complete]
Info: Compiling hello_ucosii.c to obj/default/hello_ucosii.o
nios2-elf-gcc -xc -MP -MMD -c -I../MIDIGenerator_bsp//UCOSII/inc -I../MIDIGenerator_bsp//HAL/inc -I../MIDIGenerator_bsp/ -I../MIDIGenerator_bsp//drivers/inc  -DSYSTEM_BUS_WIDTH=32 -pipe -D__hal__ -DALT_NO_INSTRUCTION_EMULATION -D__ucosii__    -O0 -g -Wall   -EL -mno-hw-div -mno-hw-mul -mno-hw-mulx  -o obj/default/hello_ucosii.o hello_ucosii.c
hello_ucosii.c: In function 'handleLaserStatusChange':
Info: Linking MIDIGenerator.elf
hello_ucosii.c:45: warning: passing argument 1 of 'getMappedNote' makes integer from pointer without a cast
nios2-elf-g++  -T'../MIDIGenerator_bsp//linker.x' -msys-crt0='../MIDIGenerator_bsp//obj/HAL/src/crt0.o' -msys-lib=ucosii_bsp -L../MIDIGenerator_bsp/   -Wl,-Map=MIDIGenerator.map   -O0 -g -Wall   -EL -mno-hw-div -mno-hw-mul -mno-hw-mulx  -o MIDIGenerator.elf obj/default/hello_ucosii.o -lm 
hello_ucosii.c: In function 'task1':
hello_ucosii.c:64: warning: implicit declaration of function 'alt_printf'
nios2-elf-insert MIDIGenerator.elf --thread_model ucosii --cpu_name nios2_qsys_0 --qsys true --simulation_enabled false --id 0 --sidp 0x1109058 --timestamp 1424220598 --stderr_dev jtag_uart_0 --stdin_dev jtag_uart_0 --stdout_dev jtag_uart_0 --sopc_system_name niosII_system --quartus_project_dir "C:/Users/qsjiang/Documents/Github/ECE492Research/MIDIGeneratorPrototype" --jdi C:/Users/qsjiang/Documents/Github/ECE492Research/MIDIGeneratorPrototype/niosII_microc_lab1.jdi --sopcinfo C:/Users/qsjiang/Documents/Github/ECE492Research/MIDIGeneratorPrototype/niosII_system.sopcinfo
Info: (MIDIGenerator.elf) 118 KBytes program size (code + initialized data).
Info:                     8066 KBytes free for stack + heap.
Info: Creating MIDIGenerator.objdump
nios2-elf-objdump --disassemble --syms --all-header --source MIDIGenerator.elf >MIDIGenerator.objdump
[MIDIGenerator build complete]

**** Build Finished ****

**** Build of configuration Nios II for project MIDIGenerator ****

make all 
Info: Building ../MIDIGenerator_bsp/
make --no-print-directory -C ../MIDIGenerator_bsp/
[BSP build complete]
Info: Compiling hello_ucosii.c to obj/default/hello_ucosii.o
nios2-elf-gcc -xc -MP -MMD -c -I../MIDIGenerator_bsp//UCOSII/inc -I../MIDIGenerator_bsp//HAL/inc -I../MIDIGenerator_bsp/ -I../MIDIGenerator_bsp//drivers/inc  -DSYSTEM_BUS_WIDTH=32 -pipe -D__hal__ -DALT_NO_INSTRUCTION_EMULATION -D__ucosii__    -O0 -g -Wall   -EL -mno-hw-div -mno-hw-mul -mno-hw-mulx  -o obj/default/hello_ucosii.o hello_ucosii.c
hello_ucosii.c: In function 'handleLaserStatusChange':
Info: Linking MIDIGenerator.elf
hello_ucosii.c:45: warning: passing argument 1 of 'getMappedNote' makes integer from pointer without a cast
nios2-elf-g++  -T'../MIDIGenerator_bsp//linker.x' -msys-crt0='../MIDIGenerator_bsp//obj/HAL/src/crt0.o' -msys-lib=ucosii_bsp -L../MIDIGenerator_bsp/   -Wl,-Map=MIDIGenerator.map   -O0 -g -Wall   -EL -mno-hw-div -mno-hw-mul -mno-hw-mulx  -o MIDIGenerator.elf obj/default/hello_ucosii.o -lm 
hello_ucosii.c: In function 'task1':
hello_ucosii.c:62: warning: implicit declaration of function 'alt_printf'
nios2-elf-insert MIDIGenerator.elf --thread_model ucosii --cpu_name nios2_qsys_0 --qsys true --simulation_enabled false --id 0 --sidp 0x1109058 --timestamp 1424220598 --stderr_dev jtag_uart_0 --stdin_dev jtag_uart_0 --stdout_dev jtag_uart_0 --sopc_system_name niosII_system --quartus_project_dir "C:/Users/qsjiang/Documents/Github/ECE492Research/MIDIGeneratorPrototype" --jdi C:/Users/qsjiang/Documents/Github/ECE492Research/MIDIGeneratorPrototype/niosII_microc_lab1.jdi --sopcinfo C:/Users/qsjiang/Documents/Github/ECE492Research/MIDIGeneratorPrototype/niosII_system.sopcinfo
Info: (MIDIGenerator.elf) 118 KBytes program size (code + initialized data).
Info:                     8066 KBytes free for stack + heap.
Info: Creating MIDIGenerator.objdump
nios2-elf-objdump --disassemble --syms --all-header --source MIDIGenerator.elf >MIDIGenerator.objdump
[MIDIGenerator build complete]

**** Build Finished ****

**** Build of configuration Nios II for project MIDIGenerator ****

make all 
Info: Building ../MIDIGenerator_bsp/
make --no-print-directory -C ../MIDIGenerator_bsp/
[BSP build complete]
Info: Compiling hello_ucosii.c to obj/default/hello_ucosii.o
nios2-elf-gcc -xc -MP -MMD -c -I../MIDIGenerator_bsp//UCOSII/inc -I../MIDIGenerator_bsp//HAL/inc -I../MIDIGenerator_bsp/ -I../MIDIGenerator_bsp//drivers/inc  -DSYSTEM_BUS_WIDTH=32 -pipe -D__hal__ -DALT_NO_INSTRUCTION_EMULATION -D__ucosii__    -O0 -g -Wall   -EL -mno-hw-div -mno-hw-mul -mno-hw-mulx  -o obj/default/hello_ucosii.o hello_ucosii.c
hello_ucosii.c: In function 'task1':
Info: Linking MIDIGenerator.elf
hello_ucosii.c:59: warning: implicit declaration of function 'alt_printf'
nios2-elf-g++  -T'../MIDIGenerator_bsp//linker.x' -msys-crt0='../MIDIGenerator_bsp//obj/HAL/src/crt0.o' -msys-lib=ucosii_bsp -L../MIDIGenerator_bsp/   -Wl,-Map=MIDIGenerator.map   -O0 -g -Wall   -EL -mno-hw-div -mno-hw-mul -mno-hw-mulx  -o MIDIGenerator.elf obj/default/hello_ucosii.o -lm 
nios2-elf-insert MIDIGenerator.elf --thread_model ucosii --cpu_name nios2_qsys_0 --qsys true --simulation_enabled false --id 0 --sidp 0x1109058 --timestamp 1424220598 --stderr_dev jtag_uart_0 --stdin_dev jtag_uart_0 --stdout_dev jtag_uart_0 --sopc_system_name niosII_system --quartus_project_dir "C:/Users/qsjiang/Documents/Github/ECE492Research/MIDIGeneratorPrototype" --jdi C:/Users/qsjiang/Documents/Github/ECE492Research/MIDIGeneratorPrototype/niosII_microc_lab1.jdi --sopcinfo C:/Users/qsjiang/Documents/Github/ECE492Research/MIDIGeneratorPrototype/niosII_system.sopcinfo
Info: (MIDIGenerator.elf) 118 KBytes program size (code + initialized data).
Info:                     8066 KBytes free for stack + heap.
Info: Creating MIDIGenerator.objdump
nios2-elf-objdump --disassemble --syms --all-header --source MIDIGenerator.elf >MIDIGenerator.objdump
[MIDIGenerator build complete]

**** Build Finished ****

**** Build of configuration Nios II for project MIDIGenerator ****

make all 
Info: Building ../MIDIGenerator_bsp/
make --no-print-directory -C ../MIDIGenerator_bsp/
[BSP build complete]
Info: Compiling hello_ucosii.c to obj/default/hello_ucosii.o
nios2-elf-gcc -xc -MP -MMD -c -I../MIDIGenerator_bsp//UCOSII/inc -I../MIDIGenerator_bsp//HAL/inc -I../MIDIGenerator_bsp/ -I../MIDIGenerator_bsp//drivers/inc  -DSYSTEM_BUS_WIDTH=32 -pipe -D__hal__ -DALT_NO_INSTRUCTION_EMULATION -D__ucosii__    -O0 -g -Wall   -EL -mno-hw-div -mno-hw-mul -mno-hw-mulx  -o obj/default/hello_ucosii.o hello_ucosii.c
Info: Linking MIDIGenerator.elf
hello_ucosii.c: In function 'task1':
hello_ucosii.c:64: warning: implicit declaration of function 'alt_printf'
nios2-elf-g++  -T'../MIDIGenerator_bsp//linker.x' -msys-crt0='../MIDIGenerator_bsp//obj/HAL/src/crt0.o' -msys-lib=ucosii_bsp -L../MIDIGenerator_bsp/   -Wl,-Map=MIDIGenerator.map   -O0 -g -Wall   -EL -mno-hw-div -mno-hw-mul -mno-hw-mulx  -o MIDIGenerator.elf obj/default/hello_ucosii.o -lm 
nios2-elf-insert MIDIGenerator.elf --thread_model ucosii --cpu_name nios2_qsys_0 --qsys true --simulation_enabled false --id 0 --sidp 0x1109058 --timestamp 1424220598 --stderr_dev jtag_uart_0 --stdin_dev jtag_uart_0 --stdout_dev jtag_uart_0 --sopc_system_name niosII_system --quartus_project_dir "C:/Users/qsjiang/Documents/Github/ECE492Research/MIDIGeneratorPrototype" --jdi C:/Users/qsjiang/Documents/Github/ECE492Research/MIDIGeneratorPrototype/niosII_microc_lab1.jdi --sopcinfo C:/Users/qsjiang/Documents/Github/ECE492Research/MIDIGeneratorPrototype/niosII_system.sopcinfo
Info: (MIDIGenerator.elf) 118 KBytes program size (code + initialized data).
Info:                     8066 KBytes free for stack + heap.
Info: Creating MIDIGenerator.objdump
nios2-elf-objdump --disassemble --syms --all-header --source MIDIGenerator.elf >MIDIGenerator.objdump
[MIDIGenerator build complete]

**** Build Finished ****

**** Build of configuration Nios II for project MIDIGenerator ****

make all 
Info: Building ../MIDIGenerator_bsp/
make --no-print-directory -C ../MIDIGenerator_bsp/
[BSP build complete]
[MIDIGenerator build complete]

**** Build Finished ****
